0 info it worked if it ends with ok
1 verbose cli [ 'D:\\nodejs\\node.exe',
1 verbose cli   'C:\\Users\\ECollin.US\\AppData\\Roaming\\npm\\node_modules\\npm\\bin\\npm-cli.js',
1 verbose cli   'publish' ]
2 info using npm@3.10.2
3 info using node@v4.4.7
4 verbose publish [ '.' ]
5 silly cache add args [ '.', null ]
6 verbose cache add spec .
7 silly cache add parsed spec Result {
7 silly cache add   raw: '.',
7 silly cache add   scope: null,
7 silly cache add   escapedName: null,
7 silly cache add   name: null,
7 silly cache add   rawSpec: '.',
7 silly cache add   spec: 'D:\\Orchestra\\webdriverio-addons',
7 silly cache add   type: 'directory' }
8 verbose addLocalDirectory C:\Users\ECollin.US\AppData\Roaming\npm-cache\webdriverio-addons\0.0.6\package.tgz not in flight; packing
9 verbose correctMkdir C:\Users\ECollin.US\AppData\Roaming\npm-cache correctMkdir not in flight; initializing
10 info lifecycle webdriverio-addons@0.0.6~prepublish: webdriverio-addons@0.0.6
11 silly lifecycle webdriverio-addons@0.0.6~prepublish: no script for prepublish, continuing
12 verbose tar pack [ 'C:\\Users\\ECollin.US\\AppData\\Roaming\\npm-cache\\webdriverio-addons\\0.0.6\\package.tgz',
12 verbose tar pack   'D:\\Orchestra\\webdriverio-addons' ]
13 verbose tarball C:\Users\ECollin.US\AppData\Roaming\npm-cache\webdriverio-addons\0.0.6\package.tgz
14 verbose folder D:\Orchestra\webdriverio-addons
15 verbose addLocalTarball adding from inside cache C:\Users\ECollin.US\AppData\Roaming\npm-cache\webdriverio-addons\0.0.6\package.tgz
16 verbose correctMkdir C:\Users\ECollin.US\AppData\Roaming\npm-cache correctMkdir not in flight; initializing
17 silly cache afterAdd webdriverio-addons@0.0.6
18 verbose afterAdd C:\Users\ECollin.US\AppData\Roaming\npm-cache\webdriverio-addons\0.0.6\package\package.json not in flight; writing
19 verbose correctMkdir C:\Users\ECollin.US\AppData\Roaming\npm-cache correctMkdir not in flight; initializing
20 verbose afterAdd C:\Users\ECollin.US\AppData\Roaming\npm-cache\webdriverio-addons\0.0.6\package\package.json written
21 silly publish { _args: [ [ [Object], 'D:\\orchestra\\listedenaissance' ] ],
21 silly publish   _from: '.',
21 silly publish   _id: 'webdriverio-addons@0.0.6',
21 silly publish   _inCache: true,
21 silly publish   _installable: true,
21 silly publish   _location: '/webdriverio-addons',
21 silly publish   _nodeVersion: '4.4.7',
21 silly publish   _npmOperationalInternal:
21 silly publish    { host: 'packages-12-west.internal.npmjs.com',
21 silly publish      tmp: 'tmp/webdriverio-addons-0.0.3.tgz_1473143137261_0.13983513205312192' },
21 silly publish   _npmUser: { name: 'evry.collin', email: 'evry.collin@gmail.com' },
21 silly publish   _npmVersion: '3.10.5',
21 silly publish   _phantomChildren: {},
21 silly publish   _requested:
21 silly publish    { raw: 'webdriverio-addons@0.0.3',
21 silly publish      scope: null,
21 silly publish      escapedName: 'webdriverio-addons',
21 silly publish      name: 'webdriverio-addons',
21 silly publish      rawSpec: '0.0.3',
21 silly publish      spec: '0.0.3',
21 silly publish      type: 'version' },
21 silly publish   _requiredBy: [ '/' ],
21 silly publish   _resolved: 'https://registry.npmjs.org/webdriverio-addons/-/webdriverio-addons-0.0.3.tgz',
21 silly publish   _shasum: '29fa41c9577c0919e84af2652e8ac3a7997aa214',
21 silly publish   _shrinkwrap: null,
21 silly publish   _spec: 'webdriverio-addons@0.0.3',
21 silly publish   _where: 'D:\\orchestra\\listedenaissance',
21 silly publish   author: { name: 'Evry Collin' },
21 silly publish   bugs: { url: 'https://github.com/evrycollin/webdriverio-addons/issues' },
21 silly publish   dependencies:
21 silly publish    { 'allure-commandline': '*',
21 silly publish      'cross-spawn': '^4.0.0',
21 silly publish      'fs-extra': '^0.30.0',
21 silly publish      gm: '^1.23.0',
21 silly publish      mocha: '^3',
21 silly publish      'node-xlsx': '*',
21 silly publish      'sync-request': '*',
21 silly publish      uuid: '*',
21 silly publish      'wdio-allure-reporter': '*',
21 silly publish      'wdio-dot-reporter': '*',
21 silly publish      'wdio-json-reporter': '*',
21 silly publish      'wdio-junit-reporter': '*',
21 silly publish      'wdio-mocha-framework': '*',
21 silly publish      'wdio-selenium-standalone-service': '*',
21 silly publish      'wdio-spec-reporter': '*',
21 silly publish      webdriverio: '*',
21 silly publish      'wdio-allure-addons-reporter': '0.0.4' },
21 silly publish   description: 'Usefull tools for webdriver.io',
21 silly publish   devDependencies: {},
21 silly publish   directories: {},
21 silly publish   dist:
21 silly publish    { shasum: '1285e288ab68fa64e94f428a6c270ebb59a30752',
21 silly publish      tarball: 'https://registry.npmjs.org/webdriverio-addons/-/webdriverio-addons-0.0.3.tgz' },
21 silly publish   gitHead: '43d7908cf341bbf0b1acc1ecb06a4619823dbb0b',
21 silly publish   homepage: 'https://github.com/evrycollin/webdriverio-addons#readme',
21 silly publish   license: 'ISC',
21 silly publish   main: 'index.js',
21 silly publish   maintainers: [ { name: 'evry.collin', email: 'evry.collin@gmail.com' } ],
21 silly publish   name: 'webdriverio-addons',
21 silly publish   optionalDependencies: {},
21 silly publish   readme: 'ERROR: No README data found!',
21 silly publish   repository:
21 silly publish    { type: 'git',
21 silly publish      url: 'git+https://github.com/evrycollin/webdriverio-addons.git' },
21 silly publish   scripts: {},
21 silly publish   version: '0.0.6' }
22 verbose getPublishConfig undefined
23 silly mapToRegistry name webdriverio-addons
24 silly mapToRegistry using default registry
25 silly mapToRegistry registry https://registry.npmjs.org/
26 silly mapToRegistry data Result {
26 silly mapToRegistry   raw: 'webdriverio-addons',
26 silly mapToRegistry   scope: null,
26 silly mapToRegistry   escapedName: 'webdriverio-addons',
26 silly mapToRegistry   name: 'webdriverio-addons',
26 silly mapToRegistry   rawSpec: '',
26 silly mapToRegistry   spec: 'latest',
26 silly mapToRegistry   type: 'tag' }
27 silly mapToRegistry uri https://registry.npmjs.org/webdriverio-addons
28 verbose publish registryBase https://registry.npmjs.org/
29 silly publish uploading C:\Users\ECollin.US\AppData\Roaming\npm-cache\webdriverio-addons\0.0.6\package.tgz
30 verbose request uri https://registry.npmjs.org/webdriverio-addons
31 verbose request sending authorization for write operation
32 info attempt registry request try #1 at 14:21:08
33 verbose request using bearer token for auth
34 verbose request id 8d0b837b3d9f42f8
35 http request PUT https://registry.npmjs.org/webdriverio-addons
36 http 403 https://registry.npmjs.org/webdriverio-addons
37 verbose headers { 'content-type': 'application/json',
37 verbose headers   'cache-control': 'max-age=300',
37 verbose headers   'content-length': '95',
37 verbose headers   'accept-ranges': 'bytes',
37 verbose headers   date: 'Mon, 19 Sep 2016 12:20:59 GMT',
37 verbose headers   via: '1.1 varnish',
37 verbose headers   connection: 'keep-alive',
37 verbose headers   'x-served-by': 'cache-fra1232-FRA',
37 verbose headers   'x-cache': 'MISS',
37 verbose headers   'x-cache-hits': '0',
37 verbose headers   'x-timer': 'S1474287658.845574,VS0,VE1034',
37 verbose headers   vary: 'Accept-Encoding' }
38 verbose request invalidating C:\Users\ECollin.US\AppData\Roaming\npm-cache\registry.npmjs.org\webdriverio-addons on PUT
39 error publish Failed PUT 403
40 verbose stack Error: "You cannot publish over the previously published version 0.0.6." : webdriverio-addons
40 verbose stack     at makeError (C:\Users\ECollin.US\AppData\Roaming\npm\node_modules\npm\node_modules\npm-registry-client\lib\request.js:264:12)
40 verbose stack     at CachingRegistryClient.<anonymous> (C:\Users\ECollin.US\AppData\Roaming\npm\node_modules\npm\node_modules\npm-registry-client\lib\request.js:252:14)
40 verbose stack     at Request._callback (C:\Users\ECollin.US\AppData\Roaming\npm\node_modules\npm\node_modules\npm-registry-client\lib\request.js:172:14)
40 verbose stack     at Request.self.callback (C:\Users\ECollin.US\AppData\Roaming\npm\node_modules\npm\node_modules\request\request.js:200:22)
40 verbose stack     at emitTwo (events.js:87:13)
40 verbose stack     at Request.emit (events.js:172:7)
40 verbose stack     at Request.<anonymous> (C:\Users\ECollin.US\AppData\Roaming\npm\node_modules\npm\node_modules\request\request.js:1067:10)
40 verbose stack     at emitOne (events.js:82:20)
40 verbose stack     at Request.emit (events.js:169:7)
40 verbose stack     at IncomingMessage.<anonymous> (C:\Users\ECollin.US\AppData\Roaming\npm\node_modules\npm\node_modules\request\request.js:988:12)
41 verbose statusCode 403
42 verbose pkgid webdriverio-addons
43 verbose cwd D:\Orchestra\webdriverio-addons
44 error Windows_NT 6.1.7601
45 error argv "D:\\nodejs\\node.exe" "C:\\Users\\ECollin.US\\AppData\\Roaming\\npm\\node_modules\\npm\\bin\\npm-cli.js" "publish"
46 error node v4.4.7
47 error npm  v3.10.2
48 error code E403
49 error "You cannot publish over the previously published version 0.0.6." : webdriverio-addons
50 error If you need help, you may report this error at:
50 error     <https://github.com/npm/npm/issues>
51 verbose exit [ 1, true ]
